[[1;34mINFO[m] Scanning for projects...
[[1;33mWARNING[m] 
[[1;33mWARNING[m] Some problems were encountered while building the effective model for com.alberta0714:qihaoyuan:war:1.0-SNAPSHOT
[[1;33mWARNING[m] 'dependencies.dependency.(groupId:artifactId:type:classifier)' must be unique: c3p0:c3p0:jar -> duplicate declaration of version 0.9.1.2 @ line 104, column 15
[[1;33mWARNING[m] 'dependencies.dependency.(groupId:artifactId:type:classifier)' must be unique: junit:junit:jar -> version 4.8.2 vs 3.8.1 @ line 159, column 15
[[1;33mWARNING[m] 
[[1;33mWARNING[m] It is highly recommended to fix these problems because they threaten the stability of your build.
[[1;33mWARNING[m] 
[[1;33mWARNING[m] For this reason, future Maven versions might no longer support building such malformed projects.
[[1;33mWARNING[m] 
[[1;34mINFO[m] 
[[1;34mINFO[m] [1m------------------------------------------------------------------------[m
[[1;34mINFO[m] [1mBuilding qihaoyuan Maven Webapp 1.0-SNAPSHOT[m
[[1;34mINFO[m] [1m------------------------------------------------------------------------[m
[[1;33mWARNING[m] The POM for org.clojars.mmcgrana:java-memcached:jar:2.0.1 is missing, no dependency information available
[[1;34mINFO[m] [1m------------------------------------------------------------------------[m
[[1;34mINFO[m] [1;31mBUILD FAILURE[m
[[1;34mINFO[m] [1m------------------------------------------------------------------------[m
[[1;34mINFO[m] Total time: 0.734 s
[[1;34mINFO[m] Finished at: 2017-07-05T09:04:03+08:00
[[1;34mINFO[m] Final Memory: 9M/155M
[[1;34mINFO[m] [1m------------------------------------------------------------------------[m
[[1;31mERROR[m] Failed to execute goal on project [36mqihaoyuan[m: [1;31mCould not resolve dependencies for project com.alberta0714:qihaoyuan:war:1.0-SNAPSHOT: The following artifacts could not be resolved: javax.jms:jms:jar:1.1, com.sun.jdmk:jmxtools:jar:1.2.1, com.sun.jmx:jmxri:jar:1.2.1, org.clojars.mmcgrana:java-memcached:jar:2.0.1: Could not transfer artifact javax.jms:jms:jar:1.1 from/to java.net (https://maven-repository.dev.java.net/nonav/repository): Cannot access https://maven-repository.dev.java.net/nonav/repository with type legacy using the available connector factories: BasicRepositoryConnectorFactory[m: Cannot access https://maven-repository.dev.java.net/nonav/repository with type legacy using the available layout factories: Maven2RepositoryLayoutFactory: Unsupported repository layout legacy -> [1m[Help 1][m
[[1;31mERROR[m] 
[[1;31mERROR[m] To see the full stack trace of the errors, re-run Maven with the [1m-e[m switch.
[[1;31mERROR[m] Re-run Maven using the [1m-X[m switch to enable full debug logging.
[[1;31mERROR[m] 
[[1;31mERROR[m] For more information about the errors and possible solutions, please read the following articles:
[[1;31mERROR[m] [1m[Help 1][m http://cwiki.apache.org/confluence/display/MAVEN/DependencyResolutionException
