[1mApache Maven 3.5.0 (ff8f5e7444045639af65f6095c62210b5713f426; 2017-04-04T03:39:06+08:00)[m
Maven home: D:\apache-maven-3.5.0
Java version: 1.8.0_131, vendor: Oracle Corporation
Java home: C:\Program Files\Java\jdk1.8.0_131\jre
Default locale: zh_CN, platform encoding: GBK
OS name: "windows 7", version: "6.1", arch: "amd64", family: "windows"
[[1;36mDEBUG[m] Created new class realm maven.api
[[1;36mDEBUG[m] Importing foreign packages into class realm maven.api
[[1;36mDEBUG[m]   Imported: javax.enterprise.inject.* < plexus.core
[[1;36mDEBUG[m]   Imported: javax.enterprise.util.* < plexus.core
[[1;36mDEBUG[m]   Imported: javax.inject.* < plexus.core
[[1;36mDEBUG[m]   Imported: org.apache.maven.* < plexus.core
[[1;36mDEBUG[m]   Imported: org.apache.maven.artifact < plexus.core
[[1;36mDEBUG[m]   Imported: org.apache.maven.classrealm < plexus.core
[[1;36mDEBUG[m]   Imported: org.apache.maven.cli < plexus.core
[[1;36mDEBUG[m]   Imported: org.apache.maven.configuration < plexus.core
[[1;36mDEBUG[m]   Imported: org.apache.maven.exception < plexus.core
[[1;36mDEBUG[m]   Imported: org.apache.maven.execution < plexus.core
[[1;36mDEBUG[m]   Imported: org.apache.maven.execution.scope < plexus.core
[[1;36mDEBUG[m]   Imported: org.apache.maven.lifecycle < plexus.core
[[1;36mDEBUG[m]   Imported: org.apache.maven.model < plexus.core
[[1;36mDEBUG[m]   Imported: org.apache.maven.monitor < plexus.core
[[1;36mDEBUG[m]   Imported: org.apache.maven.plugin < plexus.core
[[1;36mDEBUG[m]   Imported: org.apache.maven.profiles < plexus.core
[[1;36mDEBUG[m]   Imported: org.apache.maven.project < plexus.core
[[1;36mDEBUG[m]   Imported: org.apache.maven.reporting < plexus.core
[[1;36mDEBUG[m]   Imported: org.apache.maven.repository < plexus.core
[[1;36mDEBUG[m]   Imported: org.apache.maven.rtinfo < plexus.core
[[1;36mDEBUG[m]   Imported: org.apache.maven.settings < plexus.core
[[1;36mDEBUG[m]   Imported: org.apache.maven.toolchain < plexus.core
[[1;36mDEBUG[m]   Imported: org.apache.maven.usability < plexus.core
[[1;36mDEBUG[m]   Imported: org.apache.maven.wagon.* < plexus.core
[[1;36mDEBUG[m]   Imported: org.apache.maven.wagon.authentication < plexus.core
[[1;36mDEBUG[m]   Imported: org.apache.maven.wagon.authorization < plexus.core
[[1;36mDEBUG[m]   Imported: org.apache.maven.wagon.events < plexus.core
[[1;36mDEBUG[m]   Imported: org.apache.maven.wagon.observers < plexus.core
[[1;36mDEBUG[m]   Imported: org.apache.maven.wagon.proxy < plexus.core
[[1;36mDEBUG[m]   Imported: org.apache.maven.wagon.repository < plexus.core
[[1;36mDEBUG[m]   Imported: org.apache.maven.wagon.resource < plexus.core
[[1;36mDEBUG[m]   Imported: org.codehaus.classworlds < plexus.core
[[1;36mDEBUG[m]   Imported: org.codehaus.plexus.* < plexus.core
[[1;36mDEBUG[m]   Imported: org.codehaus.plexus.classworlds < plexus.core
[[1;36mDEBUG[m]   Imported: org.codehaus.plexus.component < plexus.core
[[1;36mDEBUG[m]   Imported: org.codehaus.plexus.configuration < plexus.core
[[1;36mDEBUG[m]   Imported: org.codehaus.plexus.container < plexus.core
[[1;36mDEBUG[m]   Imported: org.codehaus.plexus.context < plexus.core
[[1;36mDEBUG[m]   Imported: org.codehaus.plexus.lifecycle < plexus.core
[[1;36mDEBUG[m]   Imported: org.codehaus.plexus.logging < plexus.core
[[1;36mDEBUG[m]   Imported: org.codehaus.plexus.personality < plexus.core
[[1;36mDEBUG[m]   Imported: org.codehaus.plexus.util.xml.Xpp3Dom < plexus.core
[[1;36mDEBUG[m]   Imported: org.codehaus.plexus.util.xml.pull.XmlPullParser < plexus.core
[[1;36mDEBUG[m]   Imported: org.codehaus.plexus.util.xml.pull.XmlPullParserException < plexus.core
[[1;36mDEBUG[m]   Imported: org.codehaus.plexus.util.xml.pull.XmlSerializer < plexus.core
[[1;36mDEBUG[m]   Imported: org.eclipse.aether.* < plexus.core
[[1;36mDEBUG[m]   Imported: org.eclipse.aether.artifact < plexus.core
[[1;36mDEBUG[m]   Imported: org.eclipse.aether.collection < plexus.core
[[1;36mDEBUG[m]   Imported: org.eclipse.aether.deployment < plexus.core
[[1;36mDEBUG[m]   Imported: org.eclipse.aether.graph < plexus.core
[[1;36mDEBUG[m]   Imported: org.eclipse.aether.impl < plexus.core
[[1;36mDEBUG[m]   Imported: org.eclipse.aether.installation < plexus.core
[[1;36mDEBUG[m]   Imported: org.eclipse.aether.internal.impl < plexus.core
[[1;36mDEBUG[m]   Imported: org.eclipse.aether.metadata < plexus.core
[[1;36mDEBUG[m]   Imported: org.eclipse.aether.repository < plexus.core
[[1;36mDEBUG[m]   Imported: org.eclipse.aether.resolution < plexus.core
[[1;36mDEBUG[m]   Imported: org.eclipse.aether.spi < plexus.core
[[1;36mDEBUG[m]   Imported: org.eclipse.aether.transfer < plexus.core
[[1;36mDEBUG[m]   Imported: org.eclipse.aether.version < plexus.core
[[1;36mDEBUG[m]   Imported: org.fusesource.jansi.* < plexus.core
[[1;36mDEBUG[m]   Imported: org.slf4j.* < plexus.core
[[1;36mDEBUG[m]   Imported: org.slf4j.helpers.* < plexus.core
[[1;36mDEBUG[m]   Imported: org.slf4j.spi.* < plexus.core
[[1;36mDEBUG[m] Populating class realm maven.api
[[1;34mINFO[m] Error stacktraces are turned on.
[[1;36mDEBUG[m] Message scheme: color
[[1;36mDEBUG[m] Message styles: [1;36mdebug[m [1;34minfo[m [1;33mwarning[m [1;31merror[m [1;32msuccess[m [1;31mfailure[m [1mstrong[m [32mmojo[m [36mproject[m
[[1;36mDEBUG[m] Reading global settings from D:\apache-maven-3.5.0\conf\settings.xml
[[1;36mDEBUG[m] Reading user settings from C:\Users\Administrator\.m2\settings.xml
[[1;36mDEBUG[m] Reading global toolchains from D:\apache-maven-3.5.0\conf\toolchains.xml
[[1;36mDEBUG[m] Reading user toolchains from C:\Users\Administrator\.m2\toolchains.xml
[[1;36mDEBUG[m] Using local repository at D:\apache-maven-3.5.0\localrepo
[[1;36mDEBUG[m] Using manager EnhancedLocalRepositoryManager with priority 10.0 for D:\apache-maven-3.5.0\localrepo
[[1;34mINFO[m] Scanning for projects...
[[1;36mDEBUG[m] Extension realms for project com.alberta0714:qihaoyuan:war:1.0-SNAPSHOT: (none)
[[1;36mDEBUG[m] Looking up lifecycle mappings for packaging war from ClassRealm[plexus.core, parent: null]
[[1;33mWARNING[m] 
[[1;33mWARNING[m] Some problems were encountered while building the effective model for com.alberta0714:qihaoyuan:war:1.0-SNAPSHOT
[[1;33mWARNING[m] 'dependencies.dependency.(groupId:artifactId:type:classifier)' must be unique: c3p0:c3p0:jar -> duplicate declaration of version 0.9.1.2 @ line 104, column 15
[[1;33mWARNING[m] 'dependencies.dependency.(groupId:artifactId:type:classifier)' must be unique: junit:junit:jar -> version 4.8.2 vs 3.8.1 @ line 159, column 15
[[1;33mWARNING[m] 
[[1;33mWARNING[m] It is highly recommended to fix these problems because they threaten the stability of your build.
[[1;33mWARNING[m] 
[[1;33mWARNING[m] For this reason, future Maven versions might no longer support building such malformed projects.
[[1;33mWARNING[m] 
[[1;36mDEBUG[m] === REACTOR BUILD PLAN ================================================
[[1;36mDEBUG[m] Project: com.alberta0714:qihaoyuan:war:1.0-SNAPSHOT
[[1;36mDEBUG[m] Tasks:   [clean, install]
[[1;36mDEBUG[m] Style:   Regular
[[1;36mDEBUG[m] =======================================================================
[[1;34mINFO[m] 
[[1;34mINFO[m] [1m------------------------------------------------------------------------[m
[[1;34mINFO[m] [1mBuilding qihaoyuan Maven Webapp 1.0-SNAPSHOT[m
[[1;34mINFO[m] [1m------------------------------------------------------------------------[m
[[1;36mDEBUG[m] Lifecycle default -> [validate, initialize, generate-sources, process-sources, generate-resources, process-resources, compile, process-classes, generate-test-sources, process-test-sources, generate-test-resources, process-test-resources, test-compile, process-test-classes, test, prepare-package, package, pre-integration-test, integration-test, post-integration-test, verify, install, deploy]
[[1;36mDEBUG[m] Lifecycle clean -> [pre-clean, clean, post-clean]
[[1;36mDEBUG[m] Lifecycle site -> [pre-site, site, post-site, site-deploy]
[[1;36mDEBUG[m] Lifecycle default -> [validate, initialize, generate-sources, process-sources, generate-resources, process-resources, compile, process-classes, generate-test-sources, process-test-sources, generate-test-resources, process-test-resources, test-compile, process-test-classes, test, prepare-package, package, pre-integration-test, integration-test, post-integration-test, verify, install, deploy]
[[1;36mDEBUG[m] Lifecycle clean -> [pre-clean, clean, post-clean]
[[1;36mDEBUG[m] Lifecycle site -> [pre-site, site, post-site, site-deploy]
[[1;36mDEBUG[m] Lifecycle default -> [validate, initialize, generate-sources, process-sources, generate-resources, process-resources, compile, process-classes, generate-test-sources, process-test-sources, generate-test-resources, process-test-resources, test-compile, process-test-classes, test, prepare-package, package, pre-integration-test, integration-test, post-integration-test, verify, install, deploy]
[[1;36mDEBUG[m] Lifecycle clean -> [pre-clean, clean, post-clean]
[[1;36mDEBUG[m] Lifecycle site -> [pre-site, site, post-site, site-deploy]
[[1;36mDEBUG[m] Lifecycle default -> [validate, initialize, generate-sources, process-sources, generate-resources, process-resources, compile, process-classes, generate-test-sources, process-test-sources, generate-test-resources, process-test-resources, test-compile, process-test-classes, test, prepare-package, package, pre-integration-test, integration-test, post-integration-test, verify, install, deploy]
[[1;36mDEBUG[m] Lifecycle clean -> [pre-clean, clean, post-clean]
[[1;36mDEBUG[m] Lifecycle site -> [pre-site, site, post-site, site-deploy]
[[1;36mDEBUG[m] Lifecycle default -> [validate, initialize, generate-sources, process-sources, generate-resources, process-resources, compile, process-classes, generate-test-sources, process-test-sources, generate-test-resources, process-test-resources, test-compile, process-test-classes, test, prepare-package, package, pre-integration-test, integration-test, post-integration-test, verify, install, deploy]
[[1;36mDEBUG[m] Lifecycle clean -> [pre-clean, clean, post-clean]
[[1;36mDEBUG[m] Lifecycle site -> [pre-site, site, post-site, site-deploy]
[[1;36mDEBUG[m] Lifecycle default -> [validate, initialize, generate-sources, process-sources, generate-resources, process-resources, compile, process-classes, generate-test-sources, process-test-sources, generate-test-resources, process-test-resources, test-compile, process-test-classes, test, prepare-package, package, pre-integration-test, integration-test, post-integration-test, verify, install, deploy]
[[1;36mDEBUG[m] Lifecycle clean -> [pre-clean, clean, post-clean]
[[1;36mDEBUG[m] Lifecycle site -> [pre-site, site, post-site, site-deploy]
[[1;36mDEBUG[m] Lifecycle default -> [validate, initialize, generate-sources, process-sources, generate-resources, process-resources, compile, process-classes, generate-test-sources, process-test-sources, generate-test-resources, process-test-resources, test-compile, process-test-classes, test, prepare-package, package, pre-integration-test, integration-test, post-integration-test, verify, install, deploy]
[[1;36mDEBUG[m] Lifecycle clean -> [pre-clean, clean, post-clean]
[[1;36mDEBUG[m] Lifecycle site -> [pre-site, site, post-site, site-deploy]
[[1;36mDEBUG[m] Lifecycle default -> [validate, initialize, generate-sources, process-sources, generate-resources, process-resources, compile, process-classes, generate-test-sources, process-test-sources, generate-test-resources, process-test-resources, test-compile, process-test-classes, test, prepare-package, package, pre-integration-test, integration-test, post-integration-test, verify, install, deploy]
[[1;36mDEBUG[m] Lifecycle clean -> [pre-clean, clean, post-clean]
[[1;36mDEBUG[m] Lifecycle site -> [pre-site, site, post-site, site-deploy]
[[1;36mDEBUG[m] Lifecycle default -> [validate, initialize, generate-sources, process-sources, generate-resources, process-resources, compile, process-classes, generate-test-sources, process-test-sources, generate-test-resources, process-test-resources, test-compile, process-test-classes, test, prepare-package, package, pre-integration-test, integration-test, post-integration-test, verify, install, deploy]
[[1;36mDEBUG[m] Lifecycle clean -> [pre-clean, clean, post-clean]
[[1;36mDEBUG[m] Lifecycle site -> [pre-site, site, post-site, site-deploy]
[[1;36mDEBUG[m] Lifecycle default -> [validate, initialize, generate-sources, process-sources, generate-resources, process-resources, compile, process-classes, generate-test-sources, process-test-sources, generate-test-resources, process-test-resources, test-compile, process-test-classes, test, prepare-package, package, pre-integration-test, integration-test, post-integration-test, verify, install, deploy]
[[1;36mDEBUG[m] Lifecycle clean -> [pre-clean, clean, post-clean]
[[1;36mDEBUG[m] Lifecycle site -> [pre-site, site, post-site, site-deploy]
[[1;36mDEBUG[m] === PROJECT BUILD PLAN ================================================
[[1;36mDEBUG[m] Project:       com.alberta0714:qihaoyuan:1.0-SNAPSHOT
[[1;36mDEBUG[m] Dependencies (collect): []
[[1;36mDEBUG[m] Dependencies (resolve): [compile, runtime, test]
[[1;36mDEBUG[m] Repositories (dependencies): [central (https://repo.maven.apache.org/maven2, default, releases)]
[[1;36mDEBUG[m] Repositories (plugins)     : [central (https://repo.maven.apache.org/maven2, default, releases)]
[[1;36mDEBUG[m] -----------------------------------------------------------------------
[[1;36mDEBUG[m] Goal:          org.apache.maven.plugins:maven-clean-plugin:2.5:clean (default-clean)
[[1;36mDEBUG[m] Style:         Regular
[[1;36mDEBUG[m] Configuration: <?xml version="1.0" encoding="UTF-8"?>
<configuration>
  <directory default-value="${project.build.directory}"/>
  <excludeDefaultDirectories default-value="false">${clean.excludeDefaultDirectories}</excludeDefaultDirectories>
  <failOnError default-value="true">${maven.clean.failOnError}</failOnError>
  <followSymLinks default-value="false">${clean.followSymLinks}</followSymLinks>
  <outputDirectory default-value="${project.build.outputDirectory}"/>
  <reportDirectory default-value="${project.reporting.outputDirectory}"/>
  <retryOnError default-value="true">${maven.clean.retryOnError}</retryOnError>
  <skip default-value="false">${clean.skip}</skip>
  <testOutputDirectory default-value="${project.build.testOutputDirectory}"/>
  <verbose>${clean.verbose}</verbose>
</configuration>
[[1;36mDEBUG[m] -----------------------------------------------------------------------
[[1;36mDEBUG[m] Goal:          org.apache.maven.plugins:maven-resources-plugin:2.6:resources (default-resources)
[[1;36mDEBUG[m] Style:         Regular
[[1;36mDEBUG[m] Configuration: <?xml version="1.0" encoding="UTF-8"?>
<configuration>
  <buildFilters default-value="${project.build.filters}"/>
  <encoding default-value="${project.build.sourceEncoding}">${encoding}</encoding>
  <escapeString>${maven.resources.escapeString}</escapeString>
  <escapeWindowsPaths default-value="true">${maven.resources.escapeWindowsPaths}</escapeWindowsPaths>
  <includeEmptyDirs default-value="false">${maven.resources.includeEmptyDirs}</includeEmptyDirs>
  <outputDirectory default-value="${project.build.outputDirectory}"/>
  <overwrite default-value="false">${maven.resources.overwrite}</overwrite>
  <project default-value="${project}"/>
  <resources default-value="${project.resources}"/>
  <session default-value="${session}"/>
  <supportMultiLineFiltering default-value="false">${maven.resources.supportMultiLineFiltering}</supportMultiLineFiltering>
  <useBuildFilters default-value="true"/>
  <useDefaultDelimiters default-value="true"/>
</configuration>
[[1;36mDEBUG[m] -----------------------------------------------------------------------
[[1;36mDEBUG[m] Goal:          org.apache.maven.plugins:maven-compiler-plugin:3.1:compile (default-compile)
[[1;36mDEBUG[m] Style:         Regular
[[1;36mDEBUG[m] Configuration: <?xml version="1.0" encoding="UTF-8"?>
<configuration>
  <basedir default-value="${basedir}"/>
  <buildDirectory default-value="${project.build.directory}"/>
  <classpathElements default-value="${project.compileClasspathElements}"/>
  <compileSourceRoots default-value="${project.compileSourceRoots}"/>
  <compilerId default-value="javac">${maven.compiler.compilerId}</compilerId>
  <compilerReuseStrategy default-value="${reuseCreated}">${maven.compiler.compilerReuseStrategy}</compilerReuseStrategy>
  <compilerVersion>${maven.compiler.compilerVersion}</compilerVersion>
  <debug default-value="true">${maven.compiler.debug}</debug>
  <debuglevel>${maven.compiler.debuglevel}</debuglevel>
  <encoding default-value="${project.build.sourceEncoding}">${encoding}</encoding>
  <executable>${maven.compiler.executable}</executable>
  <failOnError default-value="true">${maven.compiler.failOnError}</failOnError>
  <forceJavacCompilerUse default-value="false">${maven.compiler.forceJavacCompilerUse}</forceJavacCompilerUse>
  <fork default-value="false">${maven.compiler.fork}</fork>
  <generatedSourcesDirectory default-value="${project.build.directory}/generated-sources/annotations"/>
  <maxmem>${maven.compiler.maxmem}</maxmem>
  <meminitial>${maven.compiler.meminitial}</meminitial>
  <mojoExecution>${mojoExecution}</mojoExecution>
  <optimize default-value="false">${maven.compiler.optimize}</optimize>
  <outputDirectory default-value="${project.build.outputDirectory}"/>
  <projectArtifact default-value="${project.artifact}"/>
  <showDeprecation default-value="false">${maven.compiler.showDeprecation}</showDeprecation>
  <showWarnings default-value="false">${maven.compiler.showWarnings}</showWarnings>
  <skipMain>${maven.main.skip}</skipMain>
  <skipMultiThreadWarning default-value="false">${maven.compiler.skipMultiThreadWarning}</skipMultiThreadWarning>
  <source default-value="1.5">${maven.compiler.source}</source>
  <staleMillis default-value="0">${lastModGranularityMs}</staleMillis>
  <target default-value="1.5">${maven.compiler.target}</target>
  <useIncrementalCompilation default-value="true">${maven.compiler.useIncrementalCompilation}</useIncrementalCompilation>
  <verbose default-value="false">${maven.compiler.verbose}</verbose>
  <mavenSession default-value="${session}"/>
  <session default-value="${session}"/>
</configuration>
[[1;36mDEBUG[m] -----------------------------------------------------------------------
[[1;36mDEBUG[m] Goal:          org.apache.maven.plugins:maven-resources-plugin:2.6:testResources (default-testResources)
[[1;36mDEBUG[m] Style:         Regular
[[1;36mDEBUG[m] Configuration: <?xml version="1.0" encoding="UTF-8"?>
<configuration>
  <buildFilters default-value="${project.build.filters}"/>
  <encoding default-value="${project.build.sourceEncoding}">${encoding}</encoding>
  <escapeString>${maven.resources.escapeString}</escapeString>
  <escapeWindowsPaths default-value="true">${maven.resources.escapeWindowsPaths}</escapeWindowsPaths>
  <includeEmptyDirs default-value="false">${maven.resources.includeEmptyDirs}</includeEmptyDirs>
  <outputDirectory default-value="${project.build.testOutputDirectory}"/>
  <overwrite default-value="false">${maven.resources.overwrite}</overwrite>
  <project default-value="${project}"/>
  <resources default-value="${project.testResources}"/>
  <session default-value="${session}"/>
  <skip>${maven.test.skip}</skip>
  <supportMultiLineFiltering default-value="false">${maven.resources.supportMultiLineFiltering}</supportMultiLineFiltering>
  <useBuildFilters default-value="true"/>
  <useDefaultDelimiters default-value="true"/>
</configuration>
[[1;36mDEBUG[m] -----------------------------------------------------------------------
[[1;36mDEBUG[m] Goal:          org.apache.maven.plugins:maven-compiler-plugin:3.1:testCompile (default-testCompile)
[[1;36mDEBUG[m] Style:         Regular
[[1;36mDEBUG[m] Configuration: <?xml version="1.0" encoding="UTF-8"?>
<configuration>
  <basedir default-value="${basedir}"/>
  <buildDirectory default-value="${project.build.directory}"/>
  <classpathElements default-value="${project.testClasspathElements}"/>
  <compileSourceRoots default-value="${project.testCompileSourceRoots}"/>
  <compilerId default-value="javac">${maven.compiler.compilerId}</compilerId>
  <compilerReuseStrategy default-value="${reuseCreated}">${maven.compiler.compilerReuseStrategy}</compilerReuseStrategy>
  <compilerVersion>${maven.compiler.compilerVersion}</compilerVersion>
  <debug default-value="true">${maven.compiler.debug}</debug>
  <debuglevel>${maven.compiler.debuglevel}</debuglevel>
  <encoding default-value="${project.build.sourceEncoding}">${encoding}</encoding>
  <executable>${maven.compiler.executable}</executable>
  <failOnError default-value="true">${maven.compiler.failOnError}</failOnError>
  <forceJavacCompilerUse default-value="false">${maven.compiler.forceJavacCompilerUse}</forceJavacCompilerUse>
  <fork default-value="false">${maven.compiler.fork}</fork>
  <generatedTestSourcesDirectory default-value="${project.build.directory}/generated-test-sources/test-annotations"/>
  <maxmem>${maven.compiler.maxmem}</maxmem>
  <meminitial>${maven.compiler.meminitial}</meminitial>
  <mojoExecution>${mojoExecution}</mojoExecution>
  <optimize default-value="false">${maven.compiler.optimize}</optimize>
  <outputDirectory default-value="${project.build.testOutputDirectory}"/>
  <showDeprecation default-value="false">${maven.compiler.showDeprecation}</showDeprecation>
  <showWarnings default-value="false">${maven.compiler.showWarnings}</showWarnings>
  <skip>${maven.test.skip}</skip>
  <skipMultiThreadWarning default-value="false">${maven.compiler.skipMultiThreadWarning}</skipMultiThreadWarning>
  <source default-value="1.5">${maven.compiler.source}</source>
  <staleMillis default-value="0">${lastModGranularityMs}</staleMillis>
  <target default-value="1.5">${maven.compiler.target}</target>
  <testSource>${maven.compiler.testSource}</testSource>
  <testTarget>${maven.compiler.testTarget}</testTarget>
  <useIncrementalCompilation default-value="true">${maven.compiler.useIncrementalCompilation}</useIncrementalCompilation>
  <verbose default-value="false">${maven.compiler.verbose}</verbose>
  <mavenSession default-value="${session}"/>
  <session default-value="${session}"/>
</configuration>
[[1;36mDEBUG[m] -----------------------------------------------------------------------
[[1;36mDEBUG[m] Goal:          org.apache.maven.plugins:maven-surefire-plugin:2.12.4:test (default-test)
[[1;36mDEBUG[m] Style:         Regular
[[1;36mDEBUG[m] Configuration: <?xml version="1.0" encoding="UTF-8"?>
<configuration>
  <argLine>${argLine}</argLine>
  <basedir default-value="${basedir}"/>
  <childDelegation default-value="false">${childDelegation}</childDelegation>
  <classesDirectory default-value="${project.build.outputDirectory}"/>
  <debugForkedProcess>${maven.surefire.debug}</debugForkedProcess>
  <disableXmlReport default-value="false">${disableXmlReport}</disableXmlReport>
  <enableAssertions default-value="true">${enableAssertions}</enableAssertions>
  <excludedGroups>${excludedGroups}</excludedGroups>
  <failIfNoSpecifiedTests>${surefire.failIfNoSpecifiedTests}</failIfNoSpecifiedTests>
  <failIfNoTests>${failIfNoTests}</failIfNoTests>
  <forkMode default-value="once">${forkMode}</forkMode>
  <forkedProcessTimeoutInSeconds>${surefire.timeout}</forkedProcessTimeoutInSeconds>
  <groups>${groups}</groups>
  <junitArtifactName default-value="junit:junit">${junitArtifactName}</junitArtifactName>
  <jvm>${jvm}</jvm>
  <localRepository default-value="${localRepository}"/>
  <objectFactory>${objectFactory}</objectFactory>
  <parallel>${parallel}</parallel>
  <parallelMavenExecution default-value="${session.parallel}"/>
  <perCoreThreadCount default-value="true">${perCoreThreadCount}</perCoreThreadCount>
  <pluginArtifactMap>${plugin.artifactMap}</pluginArtifactMap>
  <pluginDescriptor default-value="${plugin}"/>
  <printSummary default-value="true">${surefire.printSummary}</printSummary>
  <projectArtifactMap>${project.artifactMap}</projectArtifactMap>
  <redirectTestOutputToFile default-value="false">${maven.test.redirectTestOutputToFile}</redirectTestOutputToFile>
  <remoteRepositories default-value="${project.pluginArtifactRepositories}"/>
  <reportFormat default-value="brief">${surefire.reportFormat}</reportFormat>
  <reportNameSuffix default-value="">${surefire.reportNameSuffix}</reportNameSuffix>
  <reportsDirectory default-value="${project.build.directory}/surefire-reports"/>
  <runOrder default-value="filesystem"/>
  <skip default-value="false">${maven.test.skip}</skip>
  <skipExec>${maven.test.skip.exec}</skipExec>
  <skipTests default-value="false">${skipTests}</skipTests>
  <test>${test}</test>
  <testClassesDirectory default-value="${project.build.testOutputDirectory}"/>
  <testFailureIgnore default-value="false">${maven.test.failure.ignore}</testFailureIgnore>
  <testNGArtifactName default-value="org.testng:testng">${testNGArtifactName}</testNGArtifactName>
  <testSourceDirectory default-value="${project.build.testSourceDirectory}"/>
  <threadCount>${threadCount}</threadCount>
  <trimStackTrace default-value="true">${trimStackTrace}</trimStackTrace>
  <useFile default-value="true">${surefire.useFile}</useFile>
  <useManifestOnlyJar default-value="true">${surefire.useManifestOnlyJar}</useManifestOnlyJar>
  <useSystemClassLoader default-value="true">${surefire.useSystemClassLoader}</useSystemClassLoader>
  <useUnlimitedThreads default-value="false">${useUnlimitedThreads}</useUnlimitedThreads>
  <workingDirectory>${basedir}</workingDirectory>
  <project default-value="${project}"/>
  <session default-value="${session}"/>
</configuration>
[[1;36mDEBUG[m] -----------------------------------------------------------------------
[[1;36mDEBUG[m] Goal:          org.apache.maven.plugins:maven-war-plugin:2.2:war (default-war)
[[1;36mDEBUG[m] Style:         Regular
[[1;36mDEBUG[m] Configuration: <?xml version="1.0" encoding="UTF-8"?>
<configuration>
  <archiveClasses default-value="false">${archiveClasses}</archiveClasses>
  <attachClasses default-value="false"/>
  <cacheFile default-value="${project.build.directory}/war/work/webapp-cache.xml"/>
  <classesClassifier default-value="classes"/>
  <classesDirectory default-value="${project.build.outputDirectory}"/>
  <containerConfigXML>${maven.war.containerConfigXML}</containerConfigXML>
  <escapeString>${maven.war.escapeString}</escapeString>
  <escapedBackslashesInFilePath default-value="false">${maven.war.escapedBackslashesInFilePath}</escapedBackslashesInFilePath>
  <failOnMissingWebXml default-value="true">${failOnMissingWebXml}</failOnMissingWebXml>
  <filteringDeploymentDescriptors default-value="false">${maven.war.filteringDeploymentDescriptors}</filteringDeploymentDescriptors>
  <outputDirectory default-value="${project.build.directory}"/>
  <primaryArtifact default-value="true">${primaryArtifact}</primaryArtifact>
  <project default-value="${project}"/>
  <session default-value="${session}"/>
  <useCache default-value="false">${useCache}</useCache>
  <warName default-value="${project.build.finalName}"/>
  <warSourceDirectory default-value="${basedir}/src/main/webapp"/>
  <warSourceIncludes default-value="**"/>
  <webXml>${maven.war.webxml}</webXml>
  <webappDirectory default-value="${project.build.directory}/${project.build.finalName}"/>
  <workDirectory default-value="${project.build.directory}/war/work"/>
</configuration>
[[1;36mDEBUG[m] -----------------------------------------------------------------------
[[1;36mDEBUG[m] Goal:          org.apache.maven.plugins:maven-install-plugin:2.4:install (default-install)
[[1;36mDEBUG[m] Style:         Regular
[[1;36mDEBUG[m] Configuration: <?xml version="1.0" encoding="UTF-8"?>
<configuration>
  <artifact default-value="${project.artifact}"/>
  <attachedArtifacts default-value="${project.attachedArtifacts}"/>
  <createChecksum default-value="false">${createChecksum}</createChecksum>
  <localRepository>${localRepository}</localRepository>
  <packaging default-value="${project.packaging}"/>
  <pomFile default-value="${project.file}"/>
  <skip default-value="false">${maven.install.skip}</skip>
  <updateReleaseInfo default-value="false">${updateReleaseInfo}</updateReleaseInfo>
</configuration>
[[1;36mDEBUG[m] =======================================================================
[[1;33mWARNING[m] The POM for org.clojars.mmcgrana:java-memcached:jar:2.0.1 is missing, no dependency information available
[[1;36mDEBUG[m] Dependency collection stats: {ConflictMarker.analyzeTime=1, ConflictMarker.markTime=1, ConflictMarker.nodeCount=103, ConflictIdSorter.graphTime=1, ConflictIdSorter.topsortTime=0, ConflictIdSorter.conflictIdCount=65, ConflictIdSorter.conflictIdCycleCount=0, ConflictResolver.totalTime=13, ConflictResolver.conflictItemCount=102, DefaultDependencyCollector.collectTime=287, DefaultDependencyCollector.transformTime=19}
[[1;36mDEBUG[m] com.alberta0714:qihaoyuan:war:1.0-SNAPSHOT
[[1;36mDEBUG[m]    c3p0:c3p0:jar:0.9.1.2:compile
[[1;36mDEBUG[m]    mysql:mysql-connector-java:jar:5.1.16:compile
[[1;36mDEBUG[m]    com.googlecode.xmemcached:xmemcached:jar:1.3.8:compile
[[1;36mDEBUG[m]    joda-time:joda-time:jar:2.3:compile
[[1;36mDEBUG[m]    com.thoughtworks.xstream:xstream:jar:1.4.2:compile
[[1;36mDEBUG[m]       xmlpull:xmlpull:jar:1.1.3.1:compile
[[1;36mDEBUG[m]       xpp3:xpp3_min:jar:1.1.4c:compile
[[1;36mDEBUG[m]    junit:junit:jar:3.8.1:test
[[1;36mDEBUG[m]    dom4j:dom4j:jar:1.4:compile
[[1;36mDEBUG[m]       xml-apis:xml-apis:jar:1.0.b2:compile
[[1;36mDEBUG[m]       jaxen:jaxen:jar:1.0-FCS:compile
[[1;36mDEBUG[m]       saxpath:saxpath:jar:1.0-FCS:compile
[[1;36mDEBUG[m]       msv:msv:jar:20020414:compile
[[1;36mDEBUG[m]       relaxngDatatype:relaxngDatatype:jar:20020414:compile
[[1;36mDEBUG[m]       isorelax:isorelax:jar:20020414:compile
[[1;36mDEBUG[m]    com.fasterxml.jackson.core:jackson-databind:jar:2.3.3:compile
[[1;36mDEBUG[m]       com.fasterxml.jackson.core:jackson-annotations:jar:2.3.0:compile
[[1;36mDEBUG[m]       com.fasterxml.jackson.core:jackson-core:jar:2.3.3:compile
[[1;36mDEBUG[m]    log4j:log4j:jar:1.2.15:compile
[[1;36mDEBUG[m]       javax.mail:mail:jar:1.4:compile
[[1;36mDEBUG[m]          javax.activation:activation:jar:1.1:compile
[[1;36mDEBUG[m]       javax.jms:jms:jar:1.1:compile
[[1;36mDEBUG[m]       com.sun.jdmk:jmxtools:jar:1.2.1:compile
[[1;36mDEBUG[m]       com.sun.jmx:jmxri:jar:1.2.1:compile
[[1;36mDEBUG[m]    javax.servlet:javax.servlet-api:jar:3.0.1:provided
[[1;36mDEBUG[m]    commons-logging:commons-logging:jar:1.1.1:compile
[[1;36mDEBUG[m]    commons-dbcp:commons-dbcp:jar:1.2.2:compile
[[1;36mDEBUG[m]       commons-pool:commons-pool:jar:1.3:compile
[[1;36mDEBUG[m]    commons-codec:commons-codec:jar:1.3:compile
[[1;36mDEBUG[m]    org.springframework:spring-web:jar:3.0.5.RELEASE:compile
[[1;36mDEBUG[m]       aopalliance:aopalliance:jar:1.0:compile
[[1;36mDEBUG[m]       org.springframework:spring-beans:jar:3.0.5.RELEASE:compile
[[1;36mDEBUG[m]       org.springframework:spring-context:jar:3.0.5.RELEASE:compile
[[1;36mDEBUG[m]          org.springframework:spring-aop:jar:3.0.5.RELEASE:compile
[[1;36mDEBUG[m]          org.springframework:spring-expression:jar:3.0.5.RELEASE:compile
[[1;36mDEBUG[m]          org.springframework:spring-asm:jar:3.0.5.RELEASE:compile
[[1;36mDEBUG[m]       org.springframework:spring-core:jar:3.0.5.RELEASE:compile
[[1;36mDEBUG[m]    org.springframework:spring-jdbc:jar:3.0.5.RELEASE:compile
[[1;36mDEBUG[m]       org.springframework:spring-tx:jar:3.0.5.RELEASE:compile
[[1;36mDEBUG[m]    org.springframework:spring-orm:jar:3.0.5.RELEASE:compile
[[1;36mDEBUG[m]    redis.clients:jedis:jar:2.0.0:compile
[[1;36mDEBUG[m]    org.clojars.mmcgrana:java-memcached:jar:2.0.1:compile
[[1;36mDEBUG[m]    org.apache.commons:commons-pool2:jar:2.0:compile
[[1;36mDEBUG[m]    org.apache.httpcomponents:httpclient:jar:4.2.1:compile
[[1;36mDEBUG[m]       org.apache.httpcomponents:httpcore:jar:4.2.1:compile
[[1;36mDEBUG[m]    commons-configuration:commons-configuration:jar:1.9:compile
[[1;36mDEBUG[m]       commons-lang:commons-lang:jar:2.6:compile
[[1;36mDEBUG[m]    org.apache.commons:commons-lang3:jar:3.3.2:compile
[[1;36mDEBUG[m]    commons-io:commons-io:jar:2.4:compile
[[1;36mDEBUG[m]    com.google.guava:guava:jar:16.0:compile
[[1;36mDEBUG[m]    net.sf.dozer:dozer:jar:5.5.1:compile
[[1;36mDEBUG[m]       commons-beanutils:commons-beanutils:jar:1.9.1:compile
[[1;36mDEBUG[m]          commons-collections:commons-collections:jar:3.2.1:compile
[[1;36mDEBUG[m]       org.slf4j:jcl-over-slf4j:jar:1.7.5:compile
[[1;36mDEBUG[m]    org.slf4j:slf4j-api:jar:1.7.7:compile
[[1;36mDEBUG[m]    org.slf4j:slf4j-log4j12:jar:1.7.7:compile
[[1;36mDEBUG[m]    org.apache.lucene:lucene-core:jar:4.3.1:compile
[[1;36mDEBUG[m]    org.apache.lucene:lucene-analyzers-common:jar:4.3.1:compile
[[1;36mDEBUG[m]    org.apache.lucene:lucene-queryparser:jar:4.3.1:compile
[[1;36mDEBUG[m]       org.apache.lucene:lucene-queries:jar:4.3.1:compile
[[1;36mDEBUG[m]       org.apache.lucene:lucene-sandbox:jar:4.3.1:compile
[[1;36mDEBUG[m]          jakarta-regexp:jakarta-regexp:jar:1.4:compile
[[1;36mDEBUG[m]    org.apache.lucene:lucene-facet:jar:4.3.1:compile
[[1;36mDEBUG[m]    org.freemarker:freemarker:jar:2.3.23:compile
[[1;36mDEBUG[m]    org.jsoup:jsoup:jar:1.7.2:compile
[[1;36mDEBUG[m] Writing tracking file D:\apache-maven-3.5.0\localrepo\javax\jms\jms\1.1\jms-1.1.jar.lastUpdated
[[1;36mDEBUG[m] Writing tracking file D:\apache-maven-3.5.0\localrepo\com\sun\jdmk\jmxtools\1.2.1\jmxtools-1.2.1.jar.lastUpdated
[[1;36mDEBUG[m] Writing tracking file D:\apache-maven-3.5.0\localrepo\com\sun\jmx\jmxri\1.2.1\jmxri-1.2.1.jar.lastUpdated
[[1;34mINFO[m] [1m------------------------------------------------------------------------[m
[[1;34mINFO[m] [1;31mBUILD FAILURE[m
[[1;34mINFO[m] [1m------------------------------------------------------------------------[m
[[1;34mINFO[m] Total time: 0.607 s
[[1;34mINFO[m] Finished at: 2017-07-05T08:57:20+08:00
[[1;34mINFO[m] Final Memory: 8M/155M
[[1;34mINFO[m] [1m------------------------------------------------------------------------[m
[[1;31mERROR[m] Failed to execute goal on project [36mqihaoyuan[m: [1;31mCould not resolve dependencies for project com.alberta0714:qihaoyuan:war:1.0-SNAPSHOT: The following artifacts could not be resolved: javax.jms:jms:jar:1.1, com.sun.jdmk:jmxtools:jar:1.2.1, com.sun.jmx:jmxri:jar:1.2.1, org.clojars.mmcgrana:java-memcached:jar:2.0.1: Could not transfer artifact javax.jms:jms:jar:1.1 from/to java.net (https://maven-repository.dev.java.net/nonav/repository): Cannot access https://maven-repository.dev.java.net/nonav/repository with type legacy using the available connector factories: BasicRepositoryConnectorFactory[m: Cannot access https://maven-repository.dev.java.net/nonav/repository with type legacy using the available layout factories: Maven2RepositoryLayoutFactory: Unsupported repository layout legacy -> [1m[Help 1][m
org.apache.maven.lifecycle.LifecycleExecutionException: Failed to execute goal on project [36mqihaoyuan[m: [1;31mCould not resolve dependencies for project com.alberta0714:qihaoyuan:war:1.0-SNAPSHOT: The following artifacts could not be resolved: javax.jms:jms:jar:1.1, com.sun.jdmk:jmxtools:jar:1.2.1, com.sun.jmx:jmxri:jar:1.2.1, org.clojars.mmcgrana:java-memcached:jar:2.0.1: Could not transfer artifact javax.jms:jms:jar:1.1 from/to java.net (https://maven-repository.dev.java.net/nonav/repository): Cannot access https://maven-repository.dev.java.net/nonav/repository with type legacy using the available connector factories: BasicRepositoryConnectorFactory[m
	at org.apache.maven.lifecycle.internal.LifecycleDependencyResolver.getDependencies(LifecycleDependencyResolver.java:221)
	at org.apache.maven.lifecycle.internal.LifecycleDependencyResolver.resolveProjectDependencies(LifecycleDependencyResolver.java:127)
	at org.apache.maven.lifecycle.internal.MojoExecutor.ensureDependenciesAreResolved(MojoExecutor.java:246)
	at org.apache.maven.lifecycle.internal.MojoExecutor.execute(MojoExecutor.java:200)
	at org.apache.maven.lifecycle.internal.MojoExecutor.execute(MojoExecutor.java:154)
	at org.apache.maven.lifecycle.internal.MojoExecutor.execute(MojoExecutor.java:146)
	at org.apache.maven.lifecycle.internal.LifecycleModuleBuilder.buildProject(LifecycleModuleBuilder.java:117)
	at org.apache.maven.lifecycle.internal.LifecycleModuleBuilder.buildProject(LifecycleModuleBuilder.java:81)
	at org.apache.maven.lifecycle.internal.builder.singlethreaded.SingleThreadedBuilder.build(SingleThreadedBuilder.java:51)
	at org.apache.maven.lifecycle.internal.LifecycleStarter.execute(LifecycleStarter.java:128)
	at org.apache.maven.DefaultMaven.doExecute(DefaultMaven.java:309)
	at org.apache.maven.DefaultMaven.doExecute(DefaultMaven.java:194)
	at org.apache.maven.DefaultMaven.execute(DefaultMaven.java:107)
	at org.apache.maven.cli.MavenCli.execute(MavenCli.java:993)
	at org.apache.maven.cli.MavenCli.doMain(MavenCli.java:345)
	at org.apache.maven.cli.MavenCli.main(MavenCli.java:191)
	at sun.reflect.NativeMethodAccessorImpl.invoke0(Native Method)
	at sun.reflect.NativeMethodAccessorImpl.invoke(NativeMethodAccessorImpl.java:62)
	at sun.reflect.DelegatingMethodAccessorImpl.invoke(DelegatingMethodAccessorImpl.java:43)
	at java.lang.reflect.Method.invoke(Method.java:498)
	at org.codehaus.plexus.classworlds.launcher.Launcher.launchEnhanced(Launcher.java:289)
	at org.codehaus.plexus.classworlds.launcher.Launcher.launch(Launcher.java:229)
	at org.codehaus.plexus.classworlds.launcher.Launcher.mainWithExitCode(Launcher.java:415)
	at org.codehaus.plexus.classworlds.launcher.Launcher.main(Launcher.java:356)
Caused by: org.apache.maven.project.DependencyResolutionException: Could not resolve dependencies for project com.alberta0714:qihaoyuan:war:1.0-SNAPSHOT: The following artifacts could not be resolved: javax.jms:jms:jar:1.1, com.sun.jdmk:jmxtools:jar:1.2.1, com.sun.jmx:jmxri:jar:1.2.1, org.clojars.mmcgrana:java-memcached:jar:2.0.1: Could not transfer artifact javax.jms:jms:jar:1.1 from/to java.net (https://maven-repository.dev.java.net/nonav/repository): Cannot access https://maven-repository.dev.java.net/nonav/repository with type legacy using the available connector factories: BasicRepositoryConnectorFactory
	at org.apache.maven.project.DefaultProjectDependenciesResolver.resolve(DefaultProjectDependenciesResolver.java:208)
	at org.apache.maven.lifecycle.internal.LifecycleDependencyResolver.getDependencies(LifecycleDependencyResolver.java:195)
	... 23 more
Caused by: org.eclipse.aether.resolution.DependencyResolutionException: The following artifacts could not be resolved: javax.jms:jms:jar:1.1, com.sun.jdmk:jmxtools:jar:1.2.1, com.sun.jmx:jmxri:jar:1.2.1, org.clojars.mmcgrana:java-memcached:jar:2.0.1: Could not transfer artifact javax.jms:jms:jar:1.1 from/to java.net (https://maven-repository.dev.java.net/nonav/repository): Cannot access https://maven-repository.dev.java.net/nonav/repository with type legacy using the available connector factories: BasicRepositoryConnectorFactory
	at org.eclipse.aether.internal.impl.DefaultRepositorySystem.resolveDependencies(DefaultRepositorySystem.java:393)
	at org.apache.maven.project.DefaultProjectDependenciesResolver.resolve(DefaultProjectDependenciesResolver.java:202)
	... 24 more
Caused by: org.eclipse.aether.resolution.ArtifactResolutionException: The following artifacts could not be resolved: javax.jms:jms:jar:1.1, com.sun.jdmk:jmxtools:jar:1.2.1, com.sun.jmx:jmxri:jar:1.2.1, org.clojars.mmcgrana:java-memcached:jar:2.0.1: Could not transfer artifact javax.jms:jms:jar:1.1 from/to java.net (https://maven-repository.dev.java.net/nonav/repository): Cannot access https://maven-repository.dev.java.net/nonav/repository with type legacy using the available connector factories: BasicRepositoryConnectorFactory
	at org.eclipse.aether.internal.impl.DefaultArtifactResolver.resolve(DefaultArtifactResolver.java:453)
	at org.eclipse.aether.internal.impl.DefaultArtifactResolver.resolveArtifacts(DefaultArtifactResolver.java:255)
	at org.eclipse.aether.internal.impl.DefaultRepositorySystem.resolveDependencies(DefaultRepositorySystem.java:376)
	... 25 more
Caused by: org.eclipse.aether.transfer.ArtifactTransferException: Could not transfer artifact javax.jms:jms:jar:1.1 from/to java.net (https://maven-repository.dev.java.net/nonav/repository): Cannot access https://maven-repository.dev.java.net/nonav/repository with type legacy using the available connector factories: BasicRepositoryConnectorFactory
	at org.eclipse.aether.internal.impl.DefaultArtifactResolver.performDownloads(DefaultArtifactResolver.java:540)
	at org.eclipse.aether.internal.impl.DefaultArtifactResolver.resolve(DefaultArtifactResolver.java:430)
	... 27 more
Caused by: org.eclipse.aether.transfer.NoRepositoryConnectorException: Cannot access https://maven-repository.dev.java.net/nonav/repository with type legacy using the available connector factories: BasicRepositoryConnectorFactory
	at org.eclipse.aether.internal.impl.DefaultRepositoryConnectorProvider.newRepositoryConnector(DefaultRepositoryConnectorProvider.java:183)
	at org.eclipse.aether.internal.impl.DefaultArtifactResolver.performDownloads(DefaultArtifactResolver.java:525)
	... 28 more
Caused by: org.eclipse.aether.transfer.NoRepositoryConnectorException: Cannot access https://maven-repository.dev.java.net/nonav/repository with type legacy using the available layout factories: Maven2RepositoryLayoutFactory
	at org.eclipse.aether.connector.basic.BasicRepositoryConnector.<init>(BasicRepositoryConnector.java:120)
	at org.eclipse.aether.connector.basic.BasicRepositoryConnectorFactory.newInstance(BasicRepositoryConnectorFactory.java:189)
	at org.eclipse.aether.internal.impl.DefaultRepositoryConnectorProvider.newRepositoryConnector(DefaultRepositoryConnectorProvider.java:122)
	... 29 more
Caused by: org.eclipse.aether.transfer.NoRepositoryLayoutException: Cannot access https://maven-repository.dev.java.net/nonav/repository with type legacy using the available layout factories: Maven2RepositoryLayoutFactory
	at org.eclipse.aether.internal.impl.DefaultRepositoryLayoutProvider.newRepositoryLayout(DefaultRepositoryLayoutProvider.java:151)
	at org.eclipse.aether.connector.basic.BasicRepositoryConnector.<init>(BasicRepositoryConnector.java:116)
	... 31 more
Caused by: org.eclipse.aether.transfer.NoRepositoryLayoutException: Unsupported repository layout legacy
	at org.eclipse.aether.internal.impl.Maven2RepositoryLayoutFactory.newInstance(Maven2RepositoryLayoutFactory.java:73)
	at org.eclipse.aether.internal.impl.DefaultRepositoryLayoutProvider.newRepositoryLayout(DefaultRepositoryLayoutProvider.java:120)
	... 32 more
[[1;31mERROR[m] 
[[1;31mERROR[m] 
[[1;31mERROR[m] For more information about the errors and possible solutions, please read the following articles:
[[1;31mERROR[m] [1m[Help 1][m http://cwiki.apache.org/confluence/display/MAVEN/DependencyResolutionException
